{
"contracts/DeviceActivity.sol":{"l":{"31":4,"33":4,"39":1,"43":1},"path":"/Users/amadeus/Desktop/git/solidity-blockpass/contracts/DeviceActivity.sol","s":{"1":4,"2":4,"3":1,"4":1},"b":{},"f":{"1":4,"2":1,"3":1},"fnMap":{"1":{"name":"addActivity","line":30,"loc":{"start":{"line":30,"column":4},"end":{"line":34,"column":4}}},"2":{"name":"getActivityById","line":36,"loc":{"start":{"line":36,"column":4},"end":{"line":40,"column":4}}},"3":{"name":"getActivityLength","line":42,"loc":{"start":{"line":42,"column":4},"end":{"line":44,"column":4}}}},"statementMap":{"1":{"start":{"line":31,"column":8},"end":{"line":31,"column":65}},"2":{"start":{"line":33,"column":8},"end":{"line":33,"column":39}},"3":{"start":{"line":39,"column":8},"end":{"line":39,"column":119}},"4":{"start":{"line":43,"column":8},"end":{"line":43,"column":42}}},"branchMap":{}},
"contracts/UserGroups.sol":{"l":{"31":23,"32":23,"35":22,"38":22,"41":22,"48":1,"58":5,"60":4,"64":3,"75":3,"76":2,"78":1,"79":1,"89":2,"91":1,"101":2,"103":1},"path":"/Users/amadeus/Desktop/git/solidity-blockpass/contracts/UserGroups.sol","s":{"1":23,"2":23,"3":22,"4":22,"5":22,"6":1,"7":5,"8":4,"9":3,"10":3,"11":2,"12":2,"13":2},"b":{"1":[22,1],"2":[4,1],"3":[2,1],"4":[1,1],"5":[1,1],"6":[1,1]},"f":{"1":23,"2":1,"3":5,"4":3,"5":3,"6":2,"7":2},"fnMap":{"1":{"name":"addGroupToUser","line":30,"loc":{"start":{"line":30,"column":4},"end":{"line":42,"column":4}}},"2":{"name":"getUserGroups","line":47,"loc":{"start":{"line":47,"column":4},"end":{"line":49,"column":4}}},"3":{"name":"getUserGroupById","line":56,"loc":{"start":{"line":56,"column":4},"end":{"line":61,"column":4}}},"4":{"name":"getUserGroupsLength","line":63,"loc":{"start":{"line":63,"column":4},"end":{"line":65,"column":4}}},"5":{"name":"changeAllDataInExistingGroup","line":74,"loc":{"start":{"line":74,"column":4},"end":{"line":80,"column":4}}},"6":{"name":"changeColorOfExistingGroup","line":88,"loc":{"start":{"line":88,"column":4},"end":{"line":92,"column":4}}},"7":{"name":"changeTitleOfExistingGroup","line":100,"loc":{"start":{"line":100,"column":4},"end":{"line":104,"column":4}}}},"statementMap":{"1":{"start":{"line":31,"column":8},"end":{"line":31,"column":45}},"2":{"start":{"line":32,"column":8},"end":{"line":32,"column":56}},"3":{"start":{"line":35,"column":8},"end":{"line":35,"column":81}},"4":{"start":{"line":38,"column":8},"end":{"line":38,"column":43}},"5":{"start":{"line":41,"column":8},"end":{"line":41,"column":37}},"6":{"start":{"line":48,"column":8},"end":{"line":48,"column":29}},"7":{"start":{"line":58,"column":8},"end":{"line":58,"column":67}},"8":{"start":{"line":60,"column":8},"end":{"line":60,"column":90}},"9":{"start":{"line":64,"column":8},"end":{"line":64,"column":36}},"10":{"start":{"line":75,"column":8},"end":{"line":75,"column":62}},"11":{"start":{"line":76,"column":8},"end":{"line":76,"column":62}},"12":{"start":{"line":89,"column":8},"end":{"line":89,"column":62}},"13":{"start":{"line":101,"column":8},"end":{"line":101,"column":62}}},"branchMap":{"1":{"line":32,"type":"if","locations":[{"start":{"line":32,"column":8},"end":{"line":32,"column":8}},{"start":{"line":32,"column":8},"end":{"line":32,"column":8}}]},"2":{"line":58,"type":"if","locations":[{"start":{"line":58,"column":8},"end":{"line":58,"column":8}},{"start":{"line":58,"column":8},"end":{"line":58,"column":8}}]},"3":{"line":75,"type":"if","locations":[{"start":{"line":75,"column":8},"end":{"line":75,"column":8}},{"start":{"line":75,"column":8},"end":{"line":75,"column":8}}]},"4":{"line":76,"type":"if","locations":[{"start":{"line":76,"column":8},"end":{"line":76,"column":8}},{"start":{"line":76,"column":8},"end":{"line":76,"column":8}}]},"5":{"line":89,"type":"if","locations":[{"start":{"line":89,"column":8},"end":{"line":89,"column":8}},{"start":{"line":89,"column":8},"end":{"line":89,"column":8}}]},"6":{"line":101,"type":"if","locations":[{"start":{"line":101,"column":8},"end":{"line":101,"column":8}},{"start":{"line":101,"column":8},"end":{"line":101,"column":8}}]}}},
"contracts/UserPasswords.sol":{"l":{"76":14,"77":13,"79":12,"80":12,"81":12,"82":12,"83":12,"84":12,"85":12,"87":12,"88":24,"91":12,"93":12,"102":1,"117":11,"119":10,"120":10,"122":10,"123":21,"125":10,"135":2,"137":1,"139":1,"149":1,"151":1,"161":2,"163":1,"165":1,"166":3,"169":1,"171":1},"path":"/Users/amadeus/Desktop/git/solidity-blockpass/contracts/UserPasswords.sol","s":{"1":14,"2":13,"3":12,"4":12,"5":12,"6":12,"7":12,"8":12,"9":1,"10":11,"11":10,"12":10,"13":10,"14":10,"15":2,"16":1,"17":1,"18":2,"19":1,"20":1,"21":1},"b":{"1":[13,1],"2":[12,1],"3":[10,1],"4":[1,1],"5":[1,1]},"f":{"1":14,"2":1,"3":11,"4":2,"5":1,"6":2},"fnMap":{"1":{"name":"addPassword","line":75,"loc":{"start":{"line":75,"column":4},"end":{"line":94,"column":4}}},"2":{"name":"getUserPasswordsLenght","line":101,"loc":{"start":{"line":101,"column":4},"end":{"line":103,"column":4}}},"3":{"name":"getUserPasswordById","line":114,"loc":{"start":{"line":114,"column":4},"end":{"line":126,"column":4}}},"4":{"name":"changeTitle","line":134,"loc":{"start":{"line":134,"column":4},"end":{"line":140,"column":4}}},"5":{"name":"changeGroup","line":148,"loc":{"start":{"line":148,"column":4},"end":{"line":152,"column":4}}},"6":{"name":"changeData","line":160,"loc":{"start":{"line":160,"column":4},"end":{"line":172,"column":4}}}},"statementMap":{"1":{"start":{"line":76,"column":8},"end":{"line":76,"column":65}},"2":{"start":{"line":77,"column":8},"end":{"line":77,"column":77}},"3":{"start":{"line":79,"column":8},"end":{"line":79,"column":56}},"4":{"start":{"line":80,"column":8},"end":{"line":80,"column":56}},"5":{"start":{"line":81,"column":8},"end":{"line":81,"column":19}},"6":{"start":{"line":82,"column":8},"end":{"line":82,"column":45}},"7":{"start":{"line":87,"column":8},"end":{"line":87,"column":2064}},"8":{"start":{"line":93,"column":8},"end":{"line":93,"column":38}},"9":{"start":{"line":102,"column":8},"end":{"line":102,"column":39}},"10":{"start":{"line":117,"column":8},"end":{"line":117,"column":86}},"11":{"start":{"line":119,"column":8},"end":{"line":119,"column":53}},"12":{"start":{"line":120,"column":8},"end":{"line":120,"column":61}},"13":{"start":{"line":122,"column":8},"end":{"line":122,"column":3111}},"14":{"start":{"line":125,"column":8},"end":{"line":125,"column":44}},"15":{"start":{"line":135,"column":8},"end":{"line":135,"column":65}},"16":{"start":{"line":139,"column":8},"end":{"line":139,"column":40}},"17":{"start":{"line":151,"column":8},"end":{"line":151,"column":40}},"18":{"start":{"line":161,"column":8},"end":{"line":161,"column":77}},"19":{"start":{"line":163,"column":8},"end":{"line":163,"column":57}},"20":{"start":{"line":165,"column":8},"end":{"line":165,"column":4314}},"21":{"start":{"line":171,"column":8},"end":{"line":171,"column":39}}},"branchMap":{"1":{"line":76,"type":"if","locations":[{"start":{"line":76,"column":8},"end":{"line":76,"column":8}},{"start":{"line":76,"column":8},"end":{"line":76,"column":8}}]},"2":{"line":77,"type":"if","locations":[{"start":{"line":77,"column":8},"end":{"line":77,"column":8}},{"start":{"line":77,"column":8},"end":{"line":77,"column":8}}]},"3":{"line":117,"type":"if","locations":[{"start":{"line":117,"column":8},"end":{"line":117,"column":8}},{"start":{"line":117,"column":8},"end":{"line":117,"column":8}}]},"4":{"line":135,"type":"if","locations":[{"start":{"line":135,"column":8},"end":{"line":135,"column":8}},{"start":{"line":135,"column":8},"end":{"line":135,"column":8}}]},"5":{"line":161,"type":"if","locations":[{"start":{"line":161,"column":8},"end":{"line":161,"column":8}},{"start":{"line":161,"column":8},"end":{"line":161,"column":8}}]}}}}
