TN:
SF:/Users/amadeus/Desktop/git/solidity-blockpass/contracts/DeviceActivity.sol
FN:30,addActivity
FN:36,getActivityById
FN:42,getActivityLength
FNF:3
FNH:3
FNDA:4,addActivity
FNDA:1,getActivityById
FNDA:1,getActivityLength
DA:31,4
DA:33,4
DA:39,1
DA:43,1
LF:4
LH:4
BRF:0
BRH:0
end_of_record
TN:
SF:/Users/amadeus/Desktop/git/solidity-blockpass/contracts/UserGroups.sol
FN:30,addGroupToUser
FN:47,getUserGroups
FN:56,getUserGroupById
FN:63,getUserGroupsLength
FN:74,changeAllDataInExistingGroup
FN:88,changeColorOfExistingGroup
FN:100,changeTitleOfExistingGroup
FNF:7
FNH:7
FNDA:23,addGroupToUser
FNDA:1,getUserGroups
FNDA:5,getUserGroupById
FNDA:3,getUserGroupsLength
FNDA:3,changeAllDataInExistingGroup
FNDA:2,changeColorOfExistingGroup
FNDA:2,changeTitleOfExistingGroup
DA:31,23
DA:32,23
DA:35,22
DA:38,22
DA:41,22
DA:48,1
DA:58,5
DA:60,4
DA:64,3
DA:75,3
DA:76,2
DA:78,1
DA:79,1
DA:89,2
DA:91,1
DA:101,2
DA:103,1
LF:17
LH:17
BRDA:32,1,0,22
BRDA:32,1,1,1
BRDA:58,2,0,4
BRDA:58,2,1,1
BRDA:75,3,0,2
BRDA:75,3,1,1
BRDA:76,4,0,1
BRDA:76,4,1,1
BRDA:89,5,0,1
BRDA:89,5,1,1
BRDA:101,6,0,1
BRDA:101,6,1,1
BRF:12
BRH:12
end_of_record
TN:
SF:/Users/amadeus/Desktop/git/solidity-blockpass/contracts/UserPasswords.sol
FN:75,addPassword
FN:101,getUserPasswordsLenght
FN:114,getUserPasswordById
FN:134,changeTitle
FN:148,changeGroup
FN:160,changeData
FNF:6
FNH:6
FNDA:14,addPassword
FNDA:1,getUserPasswordsLenght
FNDA:11,getUserPasswordById
FNDA:2,changeTitle
FNDA:1,changeGroup
FNDA:2,changeData
DA:76,14
DA:77,13
DA:79,12
DA:80,12
DA:81,12
DA:82,12
DA:83,12
DA:84,12
DA:85,12
DA:87,12
DA:88,24
DA:91,12
DA:93,12
DA:102,1
DA:117,11
DA:119,10
DA:120,10
DA:122,10
DA:123,21
DA:125,10
DA:135,2
DA:137,1
DA:139,1
DA:149,1
DA:151,1
DA:161,2
DA:163,1
DA:165,1
DA:166,3
DA:169,1
DA:171,1
LF:31
LH:31
BRDA:76,1,0,13
BRDA:76,1,1,1
BRDA:77,2,0,12
BRDA:77,2,1,1
BRDA:117,3,0,10
BRDA:117,3,1,1
BRDA:135,4,0,1
BRDA:135,4,1,1
BRDA:161,5,0,1
BRDA:161,5,1,1
BRF:10
BRH:10
end_of_record
